# JRE version: OpenJDK Runtime Environment Microsoft-14653939 (17.0.20+8) (build 17.0.20+8-LTS)
# Java VM: OpenJDK 64-Bit Server VM Microsoft-14653939 (17.0.20+8-LTS, mixed mode, sharing, tiered, compressed oops, compressed class ptrs, g1 gc, windows-amd64)
GC Precious Log:
 CPUs: 8 total, 8 available
 Memory: 16291M
 Large Page Support: Disabled
 NUMA Support: Disabled
 Compressed Oops: Enabled (Zero based)
 Heap Region Size: 2M
 Heap Min Capacity: 8M
 Heap Initial Capacity: 256M
 Heap Max Capacity: 4074M
 Pre-touch: Disabled
 Parallel Workers: 8
 Concurrent Workers: 2
 Concurrent Refinement Workers: 8
 Periodic GC: Disabled
Heap:
 garbage-first heap   total 110592K, used 64739K [0x0000000701600000, 0x0000000800000000)
  region size 2048K, 10 young (20480K), 1 survivors (2048K)
 Metaspace       used 64876K, committed 65344K, reserved 1114112K
  class space    used 7281K, committed 7488K, reserved 1048576K
GC Heap History (20 events):
Event: 6.891 GC heap before
{Heap before GC invocations=10 (full 0):
 garbage-first heap   total 96256K, used 45948K [0x0000000701600000, 0x0000000800000000)
  region size 2048K, 11 young (22528K), 4 survivors (8192K)
 Metaspace       used 42103K, committed 42496K, reserved 1114112K
  class space    used 4781K, committed 4992K, reserved 1048576K
}
Event: 6.898 GC heap after
{Heap after GC invocations=11 (full 0):
 garbage-first heap   total 96256K, used 35176K [0x0000000701600000, 0x0000000800000000)
  region size 2048K, 1 young (2048K), 1 survivors (2048K)
 Metaspace       used 42103K, committed 42496K, reserved 1114112K
  class space    used 4781K, committed 4992K, reserved 1048576K
}
Event: 7.739 GC heap before
{Heap before GC invocations=12 (full 0):
 garbage-first heap   total 96256K, used 65896K [0x0000000701600000, 0x0000000800000000)
  region size 2048K, 17 young (34816K), 1 survivors (2048K)
 Metaspace       used 52925K, committed 53312K, reserved 1114112K
  class space    used 6087K, committed 6272K, reserved 1048576K
}
Event: 7.743 GC heap after
{Heap after GC invocations=13 (full 0):
 garbage-first heap   total 96256K, used 37518K [0x0000000701600000, 0x0000000800000000)
  region size 2048K, 2 young (4096K), 2 survivors (4096K)
 Metaspace       used 52925K, committed 53312K, reserved 1114112K
  class space    used 6087K, committed 6272K, reserved 1048576K
}
Event: 7.800 GC heap before
{Heap before GC invocations=13 (full 0):
 garbage-first heap   total 96256K, used 39566K [0x0000000701600000, 0x0000000800000000)
  region size 2048K, 3 young (6144K), 2 survivors (4096K)
 Metaspace       used 53302K, committed 53696K, reserved 1114112K
  class space    used 6114K, committed 6272K, reserved 1048576K
}
Event: 7.807 GC heap after
{Heap after GC invocations=14 (full 0):
 garbage-first heap   total 96256K, used 35239K [0x0000000701600000, 0x0000000800000000)
  region size 2048K, 1 young (2048K), 1 survivors (2048K)
 Metaspace       used 53302K, committed 53696K, reserved 1114112K
  class space    used 6114K, committed 6272K, reserved 1048576K
}
Event: 16.329 GC heap before
{Heap before GC invocations=14 (full 0):
 garbage-first heap   total 96256K, used 65959K [0x0000000701600000, 0x0000000800000000)
  region size 2048K, 13 young (26624K), 1 survivors (2048K)
 Metaspace       used 58069K, committed 58496K, reserved 1114112K
  class space    used 6655K, committed 6848K, reserved 1048576K
}
Event: 16.333 GC heap after
{Heap after GC invocations=15 (full 0):
 garbage-first heap   total 96256K, used 45477K [0x0000000701600000, 0x0000000800000000)
  region size 2048K, 3 young (6144K), 3 survivors (6144K)
 Metaspace       used 58069K, committed 58496K, reserved 1114112K
  class space    used 6655K, committed 6848K, reserved 1048576K
}
Event: 16.417 GC heap before
{Heap before GC invocations=15 (full 0):
 garbage-first heap   total 96256K, used 53669K [0x0000000701600000, 0x0000000800000000)
  region size 2048K, 7 young (14336K), 3 survivors (6144K)
 Metaspace       used 58232K, committed 58688K, reserved 1114112K
  class space    used 6655K, committed 6848K, reserved 1048576K
}
Event: 16.422 GC heap after
{Heap after GC invocations=16 (full 0):
 garbage-first heap   total 96256K, used 47768K [0x0000000701600000, 0x0000000800000000)
  region size 2048K, 2 young (4096K), 2 survivors (4096K)
 Metaspace       used 58232K, committed 58688K, reserved 1114112K
  class space    used 6655K, committed 6848K, reserved 1048576K
}
Event: 23.563 GC heap before
{Heap before GC invocations=17 (full 0):
 garbage-first heap   total 110592K, used 86680K [0x0000000701600000, 0x0000000800000000)
  region size 2048K, 10 young (20480K), 2 survivors (4096K)
 Metaspace       used 58364K, committed 58816K, reserved 1114112K
  class space    used 6662K, committed 6848K, reserved 1048576K
}
Event: 23.568 GC heap after
{Heap after GC invocations=18 (full 0):
 garbage-first heap   total 110592K, used 62576K [0x0000000701600000, 0x0000000800000000)
  region size 2048K, 2 young (4096K), 2 survivors (4096K)
 Metaspace       used 58364K, committed 58816K, reserved 1114112K
  class space    used 6662K, committed 6848K, reserved 1048576K
}
Event: 23.657 GC heap before
{Heap before GC invocations=18 (full 0):
 garbage-first heap   total 110592K, used 76912K [0x0000000701600000, 0x0000000800000000)
  region size 2048K, 3 young (6144K), 2 survivors (4096K)
 Metaspace       used 58711K, committed 59136K, reserved 1114112K
  class space    used 6691K, committed 6848K, reserved 1048576K
}
Event: 23.662 GC heap after
{Heap after GC invocations=19 (full 0):
 garbage-first heap   total 110592K, used 53761K [0x0000000701600000, 0x0000000800000000)
  region size 2048K, 1 young (2048K), 1 survivors (2048K)
 Metaspace       used 58711K, committed 59136K, reserved 1114112K
  class space    used 6691K, committed 6848K, reserved 1048576K
}
Event: 23.822 GC heap before
{Heap before GC invocations=19 (full 0):
 garbage-first heap   total 110592K, used 72192K [0x0000000701600000, 0x0000000800000000)
  region size 2048K, 10 young (20480K), 1 survivors (2048K)
 Metaspace       used 58778K, committed 59200K, reserved 1114112K
  class space    used 6691K, committed 6848K, reserved 1048576K
}
Event: 23.824 GC heap after
{Heap after GC invocations=20 (full 0):
 garbage-first heap   total 110592K, used 58044K [0x0000000701600000, 0x0000000800000000)
  region size 2048K, 2 young (4096K), 2 survivors (4096K)
 Metaspace       used 58778K, committed 59200K, reserved 1114112K
  class space    used 6691K, committed 6848K, reserved 1048576K
}
Event: 24.204 GC heap before
{Heap before GC invocations=21 (full 0):
 garbage-first heap   total 110592K, used 70332K [0x0000000701600000, 0x0000000800000000)
  region size 2048K, 10 young (20480K), 2 survivors (4096K)
 Metaspace       used 61344K, committed 61824K, reserved 1114112K
  class space    used 6965K, committed 7232K, reserved 1048576K
}
Event: 24.209 GC heap after
{Heap after GC invocations=22 (full 0):
 garbage-first heap   total 110592K, used 56926K [0x0000000701600000, 0x0000000800000000)
  region size 2048K, 2 young (4096K), 2 survivors (4096K)
 Metaspace       used 61344K, committed 61824K, reserved 1114112K
  class space    used 6965K, committed 7232K, reserved 1048576K
}
Event: 24.277 GC heap before
{Heap before GC invocations=22 (full 0):
 garbage-first heap   total 110592K, used 58974K [0x0000000701600000, 0x0000000800000000)
  region size 2048K, 3 young (6144K), 2 survivors (4096K)
 Metaspace       used 61927K, committed 62336K, reserved 1114112K
  class space    used 7015K, committed 7232K, reserved 1048576K
}
Event: 24.282 GC heap after
{Heap after GC invocations=23 (full 0):
 garbage-first heap   total 110592K, used 50403K [0x0000000701600000, 0x0000000800000000)
  region size 2048K, 1 young (2048K), 1 survivors (2048K)
 Metaspace       used 61927K, committed 62336K, reserved 1114112K
  class space    used 7015K, committed 7232K, reserved 1048576K
}

